<?xml version="1.0" encoding="UTF-8"?>
<!-- Generated by org.testng.reporters.JUnitReportReporter -->
<testsuite hostname="ASIF-PC" failures="0" tests="1" name="testingPurposeOnly.FindBrokenLinks" time="124.628" errors="0" timestamp="2022-05-21T21:18:52 EDT" skipped="0">
  <testcase classname="testingPurposeOnly.FindBrokenLinks" name="findDeadLinks" time="124.628"/>
  <system-out/>
</testsuite> <!-- testingPurposeOnly.FindBrokenLinks -->
