<?xml version="1.0" encoding="UTF-8"?>
<!-- Generated by org.testng.reporters.JUnitReportReporter -->
<testsuite hostname="ASIF-PC" failures="0" tests="1" name="testingPurposeOnly.AutoSuggestDropDownn12" time="6.192" errors="0" timestamp="2022-05-23T16:39:46 EDT" skipped="0">
  <testcase classname="testingPurposeOnly.AutoSuggestDropDownn12" name="AutoSuggestDD" time="6.192"/>
  <system-out/>
</testsuite> <!-- testingPurposeOnly.AutoSuggestDropDownn12 -->
