<?xml version="1.0" encoding="UTF-8"?>
<!-- Generated by org.testng.reporters.JUnitReportReporter -->
<testsuite hostname="ASIF-PC" failures="0" tests="1" name="testingPurposeOnly.JQueryDropDown" time="12.675" errors="0" timestamp="2022-05-23T15:45:05 EDT" skipped="0">
  <testcase classname="testingPurposeOnly.JQueryDropDown" name="jQuery" time="12.675"/>
  <system-out/>
</testsuite> <!-- testingPurposeOnly.JQueryDropDown -->
