<?xml version="1.0" encoding="UTF-8"?>
<!-- Generated by org.testng.reporters.JUnitReportReporter -->
<testsuite hostname="ASIF-PC" failures="0" tests="1" name="testingPurposeOnly.hello" time="13.891" errors="0" timestamp="2022-05-29T00:38:02 EDT" skipped="0">
  <testcase classname="testingPurposeOnly.hello" name="hihello" time="13.891"/>
  <system-out/>
</testsuite> <!-- testingPurposeOnly.hello -->
