<?xml version="1.0" encoding="UTF-8"?>
<!-- Generated by org.testng.reporters.JUnitReportReporter -->
<testsuite hostname="ASIF-PC" failures="0" tests="4" name="testingPurposeOnly.GetTextVsGetAttribute" time="5.510" errors="0" timestamp="2022-05-20T21:58:17 EDT" skipped="0">
  <testcase classname="testingPurposeOnly.GetTextVsGetAttribute" name="enterEmail" time="0.354"/>
  <system-out/>
  <testcase classname="testingPurposeOnly.GetTextVsGetAttribute" name="enterPass" time="0.250"/>
  <system-out/>
  <testcase classname="testingPurposeOnly.GetTextVsGetAttribute" name="submitLogin" time="3.238"/>
  <system-out/>
  <testcase classname="testingPurposeOnly.GetTextVsGetAttribute" name="validation" time="1.668"/>
  <system-out/>
</testsuite> <!-- testingPurposeOnly.GetTextVsGetAttribute -->
