<?xml version="1.0" encoding="UTF-8"?>
<!-- Generated by org.testng.reporters.JUnitReportReporter -->
<testsuite hostname="ASIF-PC" failures="0" tests="1" name="testingPurposeOnly.SelectMultipleCheckBoxes14" time="3.561" errors="0" timestamp="2022-05-24T16:02:54 EDT" skipped="0">
  <testcase classname="testingPurposeOnly.SelectMultipleCheckBoxes14" name="checkBoxes" time="3.561"/>
  <system-out/>
</testsuite> <!-- testingPurposeOnly.SelectMultipleCheckBoxes14 -->
