<?xml version="1.0" encoding="UTF-8"?>
<!-- Generated by org.testng.reporters.JUnitReportReporter -->
<testsuite hostname="ASIF-PC" failures="0" tests="1" name="testingPurposeOnly.CheckDropDownSorted11" time="5.417" errors="0" timestamp="2022-05-23T16:07:18 EDT" skipped="0">
  <testcase classname="testingPurposeOnly.CheckDropDownSorted11" name="checkDDSorted" time="5.417"/>
  <system-out/>
</testsuite> <!-- testingPurposeOnly.CheckDropDownSorted11 -->
