<?xml version="1.0" encoding="UTF-8"?>
<!-- Generated by org.testng.reporters.JUnitReportReporter -->
<testsuite hostname="ASIF-PC" failures="0" tests="1" name="testingPurposeOnly.FindElementVsFindElements" time="14.793" errors="0" timestamp="2022-05-20T20:39:41 EDT" skipped="0">
  <testcase classname="testingPurposeOnly.FindElementVsFindElements" name="testFindElement" time="14.793"/>
  <system-out/>
</testsuite> <!-- testingPurposeOnly.FindElementVsFindElements -->
