<?xml version="1.0" encoding="UTF-8"?>
<!-- Generated by org.testng.reporters.JUnitReportReporter -->
<testsuite hostname="ASIF-PC" failures="0" tests="1" name="testingPurposeOnly.ManageWindowHandle15" time="10.040" errors="0" timestamp="2022-05-24T17:26:03 EDT" skipped="0">
  <testcase classname="testingPurposeOnly.ManageWindowHandle15" name="getWindowHandle" time="10.040"/>
  <system-out/>
</testsuite> <!-- testingPurposeOnly.ManageWindowHandle15 -->
